{"C:\\Users\\Ahmed\\Desktop\\boilerplate\\src\\app.js": {"path":"C:\\Users\\Ahmed\\Desktop\\boilerplate\\src\\app.js","statementMap":{},"fnMap":{},"branchMap":{},"s":{},"f":{},"b":{},"hash":"fd7ad34578210403124714e9f01d373113477925"}
,"C:\\Users\\Ahmed\\Desktop\\boilerplate\\src\\server.js": {"path":"C:\\Users\\Ahmed\\Desktop\\boilerplate\\src\\server.js","statementMap":{"0":{"start":{"line":7,"column":14},"end":{"line":7,"column":23}},"1":{"start":{"line":8,"column":2},"end":{"line":8,"column":34}},"2":{"start":{"line":9,"column":19},"end":{"line":9,"column":25}},"3":{"start":{"line":10,"column":2},"end":{"line":16,"column":5}},"4":{"start":{"line":11,"column":4},"end":{"line":14,"column":5}},"5":{"start":{"line":12,"column":6},"end":{"line":12,"column":23}},"6":{"start":{"line":13,"column":6},"end":{"line":13,"column":13}},"7":{"start":{"line":15,"column":4},"end":{"line":15,"column":83}},"8":{"start":{"line":19,"column":0},"end":{"line":19,"column":14}}},"fnMap":{"0":{"name":"startServer","decl":{"start":{"line":6,"column":15},"end":{"line":6,"column":26}},"loc":{"start":{"line":6,"column":29},"end":{"line":17,"column":1}},"line":6},"1":{"name":"(anonymous_1)","decl":{"start":{"line":10,"column":27},"end":{"line":10,"column":28}},"loc":{"start":{"line":10,"column":36},"end":{"line":16,"column":3}},"line":10}},"branchMap":{"0":{"loc":{"start":{"line":10,"column":13},"end":{"line":10,"column":25}},"type":"binary-expr","locations":[{"start":{"line":10,"column":13},"end":{"line":10,"column":17}},{"start":{"line":10,"column":21},"end":{"line":10,"column":25}}],"line":10},"1":{"loc":{"start":{"line":11,"column":4},"end":{"line":14,"column":5}},"type":"if","locations":[{"start":{"line":11,"column":4},"end":{"line":14,"column":5}},{"start":{"line":11,"column":4},"end":{"line":14,"column":5}}],"line":11}},"s":{"0":0,"1":0,"2":0,"3":0,"4":0,"5":0,"6":0,"7":0,"8":0},"f":{"0":0,"1":0},"b":{"0":[0,0],"1":[0,0]},"hash":"6545a22323372953f08a2e58688012c07099f39e"}
,"C:\\Users\\Ahmed\\Desktop\\boilerplate\\src\\config\\index.js": {"path":"C:\\Users\\Ahmed\\Desktop\\boilerplate\\src\\config\\index.js","statementMap":{"0":{"start":{"line":4,"column":0},"end":{"line":4,"column":16}}},"fnMap":{},"branchMap":{},"s":{"0":0},"f":{},"b":{},"hash":"45aae0f0754d661b5395d8860e541f98cc802468"}
,"C:\\Users\\Ahmed\\Desktop\\boilerplate\\src\\loaders\\express.js": {"path":"C:\\Users\\Ahmed\\Desktop\\boilerplate\\src\\loaders\\express.js","statementMap":{"0":{"start":{"line":10,"column":2},"end":{"line":10,"column":77}},"1":{"start":{"line":10,"column":46},"end":{"line":10,"column":73}},"2":{"start":{"line":11,"column":2},"end":{"line":11,"column":78}},"3":{"start":{"line":11,"column":47},"end":{"line":11,"column":74}},"4":{"start":{"line":12,"column":2},"end":{"line":12,"column":28}},"5":{"start":{"line":13,"column":2},"end":{"line":13,"column":18}},"6":{"start":{"line":14,"column":2},"end":{"line":14,"column":30}},"7":{"start":{"line":15,"column":2},"end":{"line":15,"column":53}},"8":{"start":{"line":16,"column":17},"end":{"line":16,"column":33}},"9":{"start":{"line":17,"column":23},"end":{"line":22,"column":4}},"10":{"start":{"line":18,"column":86},"end":{"line":18,"column":93}},"11":{"start":{"line":19,"column":4},"end":{"line":19,"column":100}},"12":{"start":{"line":20,"column":4},"end":{"line":20,"column":112}},"13":{"start":{"line":21,"column":4},"end":{"line":21,"column":35}},"14":{"start":{"line":23,"column":2},"end":{"line":23,"column":24}},"15":{"start":{"line":24,"column":2},"end":{"line":24,"column":13}}},"fnMap":{"0":{"name":"(anonymous_0)","decl":{"start":{"line":9,"column":15},"end":{"line":9,"column":16}},"loc":{"start":{"line":9,"column":34},"end":{"line":25,"column":1}},"line":9},"1":{"name":"(anonymous_1)","decl":{"start":{"line":10,"column":21},"end":{"line":10,"column":22}},"loc":{"start":{"line":10,"column":44},"end":{"line":10,"column":75}},"line":10},"2":{"name":"(anonymous_2)","decl":{"start":{"line":11,"column":22},"end":{"line":11,"column":23}},"loc":{"start":{"line":11,"column":45},"end":{"line":11,"column":76}},"line":11},"3":{"name":"(anonymous_3)","decl":{"start":{"line":17,"column":45},"end":{"line":17,"column":46}},"loc":{"start":{"line":17,"column":68},"end":{"line":22,"column":3}},"line":17}},"branchMap":{},"s":{"0":0,"1":0,"2":0,"3":0,"4":0,"5":0,"6":0,"7":0,"8":0,"9":0,"10":0,"11":0,"12":0,"13":0,"14":0,"15":0},"f":{"0":0,"1":0,"2":0,"3":0},"b":{},"hash":"6dc4afcdffdc5ff147837ba278f232f054392280"}
,"C:\\Users\\Ahmed\\Desktop\\boilerplate\\src\\loaders\\index.js": {"path":"C:\\Users\\Ahmed\\Desktop\\boilerplate\\src\\loaders\\index.js","statementMap":{"0":{"start":{"line":7,"column":20},"end":{"line":28,"column":1}},"1":{"start":{"line":8,"column":2},"end":{"line":22,"column":3}},"2":{"start":{"line":9,"column":28},"end":{"line":9,"column":47}},"3":{"start":{"line":10,"column":4},"end":{"line":10,"column":76}},"4":{"start":{"line":11,"column":28},"end":{"line":11,"column":41}},"5":{"start":{"line":12,"column":4},"end":{"line":12,"column":76}},"6":{"start":{"line":13,"column":19},"end":{"line":13,"column":39}},"7":{"start":{"line":14,"column":4},"end":{"line":14,"column":77}},"8":{"start":{"line":15,"column":4},"end":{"line":15,"column":46}},"9":{"start":{"line":16,"column":4},"end":{"line":16,"column":46}},"10":{"start":{"line":17,"column":4},"end":{"line":17,"column":38}},"11":{"start":{"line":18,"column":4},"end":{"line":18,"column":45}},"12":{"start":{"line":19,"column":4},"end":{"line":19,"column":76}},"13":{"start":{"line":21,"column":4},"end":{"line":21,"column":23}}},"fnMap":{"0":{"name":"(anonymous_0)","decl":{"start":{"line":7,"column":20},"end":{"line":7,"column":21}},"loc":{"start":{"line":7,"column":46},"end":{"line":28,"column":1}},"line":7}},"branchMap":{},"s":{"0":0,"1":0,"2":0,"3":0,"4":0,"5":0,"6":0,"7":0,"8":0,"9":0,"10":0,"11":0,"12":0,"13":0},"f":{"0":0},"b":{},"hash":"8218e25a24b146029a612001ebca2c5d2f7c0cbd"}
,"C:\\Users\\Ahmed\\Desktop\\boilerplate\\src\\loaders\\logger.js": {"path":"C:\\Users\\Ahmed\\Desktop\\boilerplate\\src\\loaders\\logger.js","statementMap":{"0":{"start":{"line":4,"column":32},"end":{"line":4,"column":38}},"1":{"start":{"line":6,"column":21},"end":{"line":6,"column":40}}},"fnMap":{"0":{"name":"(anonymous_0)","decl":{"start":{"line":6,"column":15},"end":{"line":6,"column":16}},"loc":{"start":{"line":6,"column":21},"end":{"line":6,"column":40}},"line":6}},"branchMap":{},"s":{"0":0,"1":0},"f":{"0":0},"b":{},"hash":"97be3bcd323e9cacca0fb66f8b9c0f9490a11354"}
,"C:\\Users\\Ahmed\\Desktop\\boilerplate\\src\\loaders\\mongoo.js": {"path":"C:\\Users\\Ahmed\\Desktop\\boilerplate\\src\\loaders\\mongoo.js","statementMap":{"0":{"start":{"line":4,"column":37},"end":{"line":4,"column":43}},"1":{"start":{"line":6,"column":21},"end":{"line":6,"column":80}}},"fnMap":{"0":{"name":"(anonymous_0)","decl":{"start":{"line":6,"column":15},"end":{"line":6,"column":16}},"loc":{"start":{"line":6,"column":21},"end":{"line":6,"column":80}},"line":6}},"branchMap":{},"s":{"0":0,"1":0},"f":{"0":0},"b":{},"hash":"818a06e3aa03b6ea969d2c4db816d5bab9ddf027"}
,"C:\\Users\\Ahmed\\Desktop\\boilerplate\\src\\loaders\\mySql.js": {"path":"C:\\Users\\Ahmed\\Desktop\\boilerplate\\src\\loaders\\mySql.js","statementMap":{"0":{"start":{"line":4,"column":35},"end":{"line":4,"column":41}},"1":{"start":{"line":6,"column":21},"end":{"line":6,"column":56}}},"fnMap":{"0":{"name":"(anonymous_0)","decl":{"start":{"line":6,"column":15},"end":{"line":6,"column":16}},"loc":{"start":{"line":6,"column":21},"end":{"line":6,"column":56}},"line":6}},"branchMap":{},"s":{"0":0,"1":0},"f":{"0":0},"b":{},"hash":"9bc6d2aaabe747534f76a964627db94a44b63b7d"}
,"C:\\Users\\Ahmed\\Desktop\\boilerplate\\src\\services\\export.js": {"path":"C:\\Users\\Ahmed\\Desktop\\boilerplate\\src\\services\\export.js","statementMap":{"0":{"start":{"line":11,"column":18},"end":{"line":28,"column":4}},"1":{"start":{"line":12,"column":2},"end":{"line":28,"column":4}},"2":{"start":{"line":16,"column":18},"end":{"line":16,"column":35}},"3":{"start":{"line":17,"column":6},"end":{"line":26,"column":7}},"4":{"start":{"line":18,"column":8},"end":{"line":18,"column":82}},"5":{"start":{"line":18,"column":52},"end":{"line":18,"column":78}},"6":{"start":{"line":19,"column":8},"end":{"line":22,"column":9}},"7":{"start":{"line":20,"column":10},"end":{"line":20,"column":46}},"8":{"start":{"line":21,"column":10},"end":{"line":21,"column":28}},"9":{"start":{"line":23,"column":8},"end":{"line":23,"column":28}},"10":{"start":{"line":25,"column":8},"end":{"line":25,"column":28}},"11":{"start":{"line":30,"column":22},"end":{"line":48,"column":1}},"12":{"start":{"line":31,"column":15},"end":{"line":31,"column":17}},"13":{"start":{"line":32,"column":2},"end":{"line":47,"column":5}},"14":{"start":{"line":38,"column":19},"end":{"line":38,"column":55}},"15":{"start":{"line":39,"column":6},"end":{"line":45,"column":7}},"16":{"start":{"line":40,"column":21},"end":{"line":40,"column":42}},"17":{"start":{"line":41,"column":8},"end":{"line":41,"column":29}},"18":{"start":{"line":42,"column":8},"end":{"line":42,"column":29}},"19":{"start":{"line":44,"column":8},"end":{"line":44,"column":29}},"20":{"start":{"line":57,"column":26},"end":{"line":73,"column":1}},"21":{"start":{"line":58,"column":59},"end":{"line":58,"column":65}},"22":{"start":{"line":59,"column":13},"end":{"line":59,"column":39}},"23":{"start":{"line":60,"column":14},"end":{"line":60,"column":36}},"24":{"start":{"line":61,"column":23},"end":{"line":61,"column":42}},"25":{"start":{"line":62,"column":37},"end":{"line":62,"column":48}},"26":{"start":{"line":63,"column":31},"end":{"line":63,"column":71}},"27":{"start":{"line":64,"column":15},"end":{"line":64,"column":17}},"28":{"start":{"line":65,"column":28},"end":{"line":65,"column":65}},"29":{"start":{"line":66,"column":2},"end":{"line":70,"column":5}},"30":{"start":{"line":67,"column":4},"end":{"line":69,"column":5}},"31":{"start":{"line":68,"column":6},"end":{"line":68,"column":49}},"32":{"start":{"line":71,"column":2},"end":{"line":71,"column":74}},"33":{"start":{"line":72,"column":2},"end":{"line":72,"column":27}}},"fnMap":{"0":{"name":"(anonymous_0)","decl":{"start":{"line":11,"column":18},"end":{"line":11,"column":19}},"loc":{"start":{"line":12,"column":2},"end":{"line":28,"column":4}},"line":12},"1":{"name":"(anonymous_1)","decl":{"start":{"line":15,"column":4},"end":{"line":15,"column":5}},"loc":{"start":{"line":15,"column":37},"end":{"line":27,"column":5}},"line":15},"2":{"name":"(anonymous_2)","decl":{"start":{"line":18,"column":35},"end":{"line":18,"column":36}},"loc":{"start":{"line":18,"column":52},"end":{"line":18,"column":78}},"line":18},"3":{"name":"(anonymous_3)","decl":{"start":{"line":30,"column":22},"end":{"line":30,"column":23}},"loc":{"start":{"line":30,"column":40},"end":{"line":48,"column":1}},"line":30},"4":{"name":"(anonymous_4)","decl":{"start":{"line":37,"column":4},"end":{"line":37,"column":5}},"loc":{"start":{"line":37,"column":47},"end":{"line":46,"column":5}},"line":37},"5":{"name":"(anonymous_5)","decl":{"start":{"line":57,"column":26},"end":{"line":57,"column":27}},"loc":{"start":{"line":57,"column":51},"end":{"line":73,"column":1}},"line":57},"6":{"name":"(anonymous_6)","decl":{"start":{"line":66,"column":33},"end":{"line":66,"column":34}},"loc":{"start":{"line":66,"column":39},"end":{"line":70,"column":3}},"line":66}},"branchMap":{"0":{"loc":{"start":{"line":17,"column":6},"end":{"line":26,"column":7}},"type":"if","locations":[{"start":{"line":17,"column":6},"end":{"line":26,"column":7}},{"start":{"line":17,"column":6},"end":{"line":26,"column":7}}],"line":17},"1":{"loc":{"start":{"line":18,"column":52},"end":{"line":18,"column":78}},"type":"cond-expr","locations":[{"start":{"line":18,"column":68},"end":{"line":18,"column":72}},{"start":{"line":18,"column":75},"end":{"line":18,"column":78}}],"line":18},"2":{"loc":{"start":{"line":19,"column":8},"end":{"line":22,"column":9}},"type":"if","locations":[{"start":{"line":19,"column":8},"end":{"line":22,"column":9}},{"start":{"line":19,"column":8},"end":{"line":22,"column":9}}],"line":19},"3":{"loc":{"start":{"line":39,"column":6},"end":{"line":45,"column":7}},"type":"if","locations":[{"start":{"line":39,"column":6},"end":{"line":45,"column":7}},{"start":{"line":39,"column":6},"end":{"line":45,"column":7}}],"line":39},"4":{"loc":{"start":{"line":39,"column":10},"end":{"line":39,"column":54}},"type":"binary-expr","locations":[{"start":{"line":39,"column":10},"end":{"line":39,"column":14}},{"start":{"line":39,"column":18},"end":{"line":39,"column":54}}],"line":39},"5":{"loc":{"start":{"line":67,"column":4},"end":{"line":69,"column":5}},"type":"if","locations":[{"start":{"line":67,"column":4},"end":{"line":69,"column":5}},{"start":{"line":67,"column":4},"end":{"line":69,"column":5}}],"line":67}},"s":{"0":0,"1":0,"2":0,"3":0,"4":0,"5":0,"6":0,"7":0,"8":0,"9":0,"10":0,"11":0,"12":0,"13":0,"14":0,"15":0,"16":0,"17":0,"18":0,"19":0,"20":0,"21":0,"22":0,"23":0,"24":0,"25":0,"26":0,"27":0,"28":0,"29":0,"30":0,"31":0,"32":0,"33":0},"f":{"0":0,"1":0,"2":0,"3":0,"4":0,"5":0,"6":0},"b":{"0":[0,0],"1":[0,0],"2":[0,0],"3":[0,0],"4":[0,0],"5":[0,0]},"hash":"f3fdb1c8cb04bc8675c5a51b736e13ca22d55e41"}
,"C:\\Users\\Ahmed\\Desktop\\boilerplate\\src\\services\\import.js": {"path":"C:\\Users\\Ahmed\\Desktop\\boilerplate\\src\\services\\import.js","statementMap":{"0":{"start":{"line":12,"column":25},"end":{"line":21,"column":1}},"1":{"start":{"line":13,"column":2},"end":{"line":20,"column":3}},"2":{"start":{"line":14,"column":4},"end":{"line":14,"column":22}},"3":{"start":{"line":15,"column":19},"end":{"line":15,"column":44}},"4":{"start":{"line":16,"column":4},"end":{"line":16,"column":32}},"5":{"start":{"line":17,"column":4},"end":{"line":17,"column":18}},"6":{"start":{"line":19,"column":4},"end":{"line":19,"column":16}},"7":{"start":{"line":31,"column":25},"end":{"line":65,"column":1}},"8":{"start":{"line":32,"column":13},"end":{"line":32,"column":34}},"9":{"start":{"line":33,"column":14},"end":{"line":33,"column":36}},"10":{"start":{"line":34,"column":19},"end":{"line":52,"column":4}},"11":{"start":{"line":38,"column":18},"end":{"line":38,"column":23}},"12":{"start":{"line":39,"column":6},"end":{"line":49,"column":7}},"13":{"start":{"line":40,"column":8},"end":{"line":46,"column":10}},"14":{"start":{"line":43,"column":50},"end":{"line":43,"column":76}},"15":{"start":{"line":48,"column":8},"end":{"line":48,"column":27}},"16":{"start":{"line":50,"column":6},"end":{"line":50,"column":28}},"17":{"start":{"line":53,"column":18},"end":{"line":55,"column":4}},"18":{"start":{"line":56,"column":2},"end":{"line":58,"column":5}},"19":{"start":{"line":57,"column":4},"end":{"line":57,"column":31}},"20":{"start":{"line":59,"column":2},"end":{"line":63,"column":5}},"21":{"start":{"line":60,"column":4},"end":{"line":60,"column":32}},"22":{"start":{"line":61,"column":4},"end":{"line":61,"column":25}},"23":{"start":{"line":62,"column":4},"end":{"line":62,"column":64}},"24":{"start":{"line":64,"column":2},"end":{"line":64,"column":18}},"25":{"start":{"line":74,"column":26},"end":{"line":86,"column":1}},"26":{"start":{"line":75,"column":17},"end":{"line":75,"column":42}},"27":{"start":{"line":76,"column":23},"end":{"line":76,"column":78}},"28":{"start":{"line":78,"column":2},"end":{"line":83,"column":3}},"29":{"start":{"line":79,"column":44},"end":{"line":79,"column":55}},"30":{"start":{"line":80,"column":4},"end":{"line":80,"column":63}},"31":{"start":{"line":82,"column":4},"end":{"line":82,"column":36}},"32":{"start":{"line":84,"column":2},"end":{"line":84,"column":52}},"33":{"start":{"line":85,"column":2},"end":{"line":85,"column":27}}},"fnMap":{"0":{"name":"(anonymous_0)","decl":{"start":{"line":12,"column":25},"end":{"line":12,"column":26}},"loc":{"start":{"line":12,"column":35},"end":{"line":21,"column":1}},"line":12},"1":{"name":"(anonymous_1)","decl":{"start":{"line":31,"column":25},"end":{"line":31,"column":26}},"loc":{"start":{"line":31,"column":58},"end":{"line":65,"column":1}},"line":31},"2":{"name":"(anonymous_2)","decl":{"start":{"line":37,"column":4},"end":{"line":37,"column":5}},"loc":{"start":{"line":37,"column":37},"end":{"line":51,"column":5}},"line":37},"3":{"name":"(anonymous_3)","decl":{"start":{"line":43,"column":33},"end":{"line":43,"column":34}},"loc":{"start":{"line":43,"column":50},"end":{"line":43,"column":76}},"line":43},"4":{"name":"(anonymous_4)","decl":{"start":{"line":56,"column":22},"end":{"line":56,"column":23}},"loc":{"start":{"line":56,"column":28},"end":{"line":58,"column":3}},"line":56},"5":{"name":"(anonymous_5)","decl":{"start":{"line":59,"column":21},"end":{"line":59,"column":22}},"loc":{"start":{"line":59,"column":27},"end":{"line":63,"column":3}},"line":59},"6":{"name":"(anonymous_6)","decl":{"start":{"line":74,"column":26},"end":{"line":74,"column":27}},"loc":{"start":{"line":74,"column":51},"end":{"line":86,"column":1}},"line":74}},"branchMap":{"0":{"loc":{"start":{"line":39,"column":6},"end":{"line":49,"column":7}},"type":"if","locations":[{"start":{"line":39,"column":6},"end":{"line":49,"column":7}},{"start":{"line":39,"column":6},"end":{"line":49,"column":7}}],"line":39},"1":{"loc":{"start":{"line":43,"column":50},"end":{"line":43,"column":76}},"type":"cond-expr","locations":[{"start":{"line":43,"column":65},"end":{"line":43,"column":70}},{"start":{"line":43,"column":73},"end":{"line":43,"column":76}}],"line":43},"2":{"loc":{"start":{"line":76,"column":23},"end":{"line":76,"column":78}},"type":"cond-expr","locations":[{"start":{"line":76,"column":52},"end":{"line":76,"column":58}},{"start":{"line":76,"column":61},"end":{"line":76,"column":78}}],"line":76},"3":{"loc":{"start":{"line":78,"column":2},"end":{"line":83,"column":3}},"type":"if","locations":[{"start":{"line":78,"column":2},"end":{"line":83,"column":3}},{"start":{"line":78,"column":2},"end":{"line":83,"column":3}}],"line":78}},"s":{"0":1,"1":1,"2":1,"3":1,"4":1,"5":1,"6":0,"7":1,"8":1,"9":1,"10":1,"11":1,"12":1,"13":0,"14":0,"15":1,"16":1,"17":1,"18":1,"19":0,"20":1,"21":0,"22":0,"23":0,"24":1,"25":1,"26":0,"27":0,"28":0,"29":0,"30":0,"31":0,"32":0,"33":0},"f":{"0":1,"1":1,"2":1,"3":0,"4":0,"5":0,"6":0},"b":{"0":[0,1],"1":[0,0],"2":[0,0],"3":[0,0]},"_coverageSchema":"43e27e138ebf9cfc5966b082cf9a028302ed4184","hash":"25a6bce5f865dd3e2f0070f92434a12192a41375"}
,"C:\\Users\\Ahmed\\Desktop\\boilerplate\\src\\services\\logger.js": {"path":"C:\\Users\\Ahmed\\Desktop\\boilerplate\\src\\services\\logger.js","statementMap":{"0":{"start":{"line":9,"column":26},"end":{"line":25,"column":2}},"1":{"start":{"line":9,"column":34},"end":{"line":25,"column":2}},"2":{"start":{"line":10,"column":22},"end":{"line":10,"column":44}},"3":{"start":{"line":11,"column":2},"end":{"line":24,"column":5}},"4":{"start":{"line":12,"column":4},"end":{"line":14,"column":5}},"5":{"start":{"line":13,"column":6},"end":{"line":13,"column":41}},"6":{"start":{"line":15,"column":4},"end":{"line":23,"column":5}},"7":{"start":{"line":16,"column":28},"end":{"line":16,"column":97}},"8":{"start":{"line":17,"column":21},"end":{"line":19,"column":7}},"9":{"start":{"line":18,"column":8},"end":{"line":18,"column":68}},"10":{"start":{"line":20,"column":6},"end":{"line":20,"column":22}},"11":{"start":{"line":22,"column":6},"end":{"line":22,"column":20}}},"fnMap":{"0":{"name":"(anonymous_0)","decl":{"start":{"line":9,"column":26},"end":{"line":9,"column":27}},"loc":{"start":{"line":9,"column":34},"end":{"line":25,"column":2}},"line":9},"1":{"name":"(anonymous_1)","decl":{"start":{"line":9,"column":46},"end":{"line":9,"column":47}},"loc":{"start":{"line":9,"column":67},"end":{"line":25,"column":1}},"line":9},"2":{"name":"(anonymous_2)","decl":{"start":{"line":11,"column":23},"end":{"line":11,"column":24}},"loc":{"start":{"line":11,"column":32},"end":{"line":24,"column":3}},"line":11},"3":{"name":"(anonymous_3)","decl":{"start":{"line":17,"column":21},"end":{"line":17,"column":22}},"loc":{"start":{"line":17,"column":31},"end":{"line":19,"column":7}},"line":17}},"branchMap":{"0":{"loc":{"start":{"line":10,"column":22},"end":{"line":10,"column":44}},"type":"binary-expr","locations":[{"start":{"line":10,"column":22},"end":{"line":10,"column":26}},{"start":{"line":10,"column":30},"end":{"line":10,"column":44}}],"line":10},"1":{"loc":{"start":{"line":12,"column":4},"end":{"line":14,"column":5}},"type":"if","locations":[{"start":{"line":12,"column":4},"end":{"line":14,"column":5}},{"start":{"line":12,"column":4},"end":{"line":14,"column":5}}],"line":12}},"s":{"0":1,"1":1,"2":1,"3":1,"4":1,"5":1,"6":1,"7":1,"8":1,"9":1,"10":1,"11":0},"f":{"0":1,"1":1,"2":1,"3":1},"b":{"0":[1,0],"1":[1,0]},"_coverageSchema":"43e27e138ebf9cfc5966b082cf9a028302ed4184","hash":"571ffcd606462feea363877b3bc5bc82cd5a0ef7"}
,"C:\\Users\\Ahmed\\Desktop\\boilerplate\\src\\services\\mySql.js": {"path":"C:\\Users\\Ahmed\\Desktop\\boilerplate\\src\\services\\mySql.js","statementMap":{"0":{"start":{"line":6,"column":4},"end":{"line":6,"column":33}},"1":{"start":{"line":7,"column":4},"end":{"line":7,"column":23}},"2":{"start":{"line":8,"column":4},"end":{"line":8,"column":22}},"3":{"start":{"line":17,"column":4},"end":{"line":24,"column":7}},"4":{"start":{"line":18,"column":6},"end":{"line":23,"column":9}},"5":{"start":{"line":19,"column":8},"end":{"line":21,"column":9}},"6":{"start":{"line":20,"column":10},"end":{"line":20,"column":24}},"7":{"start":{"line":22,"column":8},"end":{"line":22,"column":25}},"8":{"start":{"line":33,"column":4},"end":{"line":41,"column":7}},"9":{"start":{"line":34,"column":21},"end":{"line":34,"column":67}},"10":{"start":{"line":34,"column":37},"end":{"line":34,"column":66}},"11":{"start":{"line":35,"column":6},"end":{"line":40,"column":9}},"12":{"start":{"line":36,"column":8},"end":{"line":38,"column":9}},"13":{"start":{"line":37,"column":10},"end":{"line":37,"column":24}},"14":{"start":{"line":39,"column":8},"end":{"line":39,"column":25}},"15":{"start":{"line":50,"column":4},"end":{"line":57,"column":7}},"16":{"start":{"line":51,"column":6},"end":{"line":56,"column":9}},"17":{"start":{"line":52,"column":8},"end":{"line":54,"column":9}},"18":{"start":{"line":53,"column":10},"end":{"line":53,"column":24}},"19":{"start":{"line":55,"column":8},"end":{"line":55,"column":38}},"20":{"start":{"line":66,"column":4},"end":{"line":68,"column":5}},"21":{"start":{"line":67,"column":6},"end":{"line":67,"column":42}},"22":{"start":{"line":69,"column":4},"end":{"line":69,"column":22}},"23":{"start":{"line":78,"column":4},"end":{"line":78,"column":25}},"24":{"start":{"line":87,"column":4},"end":{"line":87,"column":52}}},"fnMap":{"0":{"name":"(anonymous_0)","decl":{"start":{"line":5,"column":2},"end":{"line":5,"column":3}},"loc":{"start":{"line":5,"column":33},"end":{"line":9,"column":3}},"line":5},"1":{"name":"(anonymous_1)","decl":{"start":{"line":16,"column":2},"end":{"line":16,"column":3}},"loc":{"start":{"line":16,"column":17},"end":{"line":25,"column":3}},"line":16},"2":{"name":"(anonymous_2)","decl":{"start":{"line":17,"column":23},"end":{"line":17,"column":24}},"loc":{"start":{"line":17,"column":36},"end":{"line":24,"column":5}},"line":17},"3":{"name":"(anonymous_3)","decl":{"start":{"line":18,"column":95},"end":{"line":18,"column":96}},"loc":{"start":{"line":18,"column":115},"end":{"line":23,"column":7}},"line":18},"4":{"name":"(anonymous_4)","decl":{"start":{"line":32,"column":2},"end":{"line":32,"column":3}},"loc":{"start":{"line":32,"column":19},"end":{"line":42,"column":3}},"line":32},"5":{"name":"(anonymous_5)","decl":{"start":{"line":33,"column":23},"end":{"line":33,"column":24}},"loc":{"start":{"line":33,"column":36},"end":{"line":41,"column":5}},"line":33},"6":{"name":"(anonymous_6)","decl":{"start":{"line":34,"column":30},"end":{"line":34,"column":31}},"loc":{"start":{"line":34,"column":37},"end":{"line":34,"column":66}},"line":34},"7":{"name":"(anonymous_7)","decl":{"start":{"line":35,"column":110},"end":{"line":35,"column":111}},"loc":{"start":{"line":35,"column":130},"end":{"line":40,"column":7}},"line":35},"8":{"name":"(anonymous_8)","decl":{"start":{"line":49,"column":2},"end":{"line":49,"column":3}},"loc":{"start":{"line":49,"column":13},"end":{"line":58,"column":3}},"line":49},"9":{"name":"(anonymous_9)","decl":{"start":{"line":50,"column":23},"end":{"line":50,"column":24}},"loc":{"start":{"line":50,"column":36},"end":{"line":57,"column":5}},"line":50},"10":{"name":"(anonymous_10)","decl":{"start":{"line":51,"column":78},"end":{"line":51,"column":79}},"loc":{"start":{"line":51,"column":98},"end":{"line":56,"column":7}},"line":51},"11":{"name":"(anonymous_11)","decl":{"start":{"line":65,"column":2},"end":{"line":65,"column":3}},"loc":{"start":{"line":65,"column":23},"end":{"line":70,"column":3}},"line":65},"12":{"name":"(anonymous_12)","decl":{"start":{"line":77,"column":2},"end":{"line":77,"column":3}},"loc":{"start":{"line":77,"column":26},"end":{"line":79,"column":3}},"line":77},"13":{"name":"(anonymous_13)","decl":{"start":{"line":86,"column":2},"end":{"line":86,"column":3}},"loc":{"start":{"line":86,"column":27},"end":{"line":88,"column":3}},"line":86}},"branchMap":{"0":{"loc":{"start":{"line":19,"column":8},"end":{"line":21,"column":9}},"type":"if","locations":[{"start":{"line":19,"column":8},"end":{"line":21,"column":9}},{"start":{"line":19,"column":8},"end":{"line":21,"column":9}}],"line":19},"1":{"loc":{"start":{"line":36,"column":8},"end":{"line":38,"column":9}},"type":"if","locations":[{"start":{"line":36,"column":8},"end":{"line":38,"column":9}},{"start":{"line":36,"column":8},"end":{"line":38,"column":9}}],"line":36},"2":{"loc":{"start":{"line":52,"column":8},"end":{"line":54,"column":9}},"type":"if","locations":[{"start":{"line":52,"column":8},"end":{"line":54,"column":9}},{"start":{"line":52,"column":8},"end":{"line":54,"column":9}}],"line":52},"3":{"loc":{"start":{"line":66,"column":4},"end":{"line":68,"column":5}},"type":"if","locations":[{"start":{"line":66,"column":4},"end":{"line":68,"column":5}},{"start":{"line":66,"column":4},"end":{"line":68,"column":5}}],"line":66}},"s":{"0":1,"1":1,"2":1,"3":1,"4":1,"5":1,"6":0,"7":1,"8":1,"9":1,"10":3,"11":1,"12":1,"13":0,"14":1,"15":0,"16":0,"17":0,"18":0,"19":0,"20":1,"21":1,"22":1,"23":4,"24":1},"f":{"0":1,"1":1,"2":1,"3":1,"4":1,"5":1,"6":3,"7":1,"8":0,"9":0,"10":0,"11":1,"12":4,"13":1},"b":{"0":[0,1],"1":[0,1],"2":[0,0],"3":[1,0]},"_coverageSchema":"43e27e138ebf9cfc5966b082cf9a028302ed4184","hash":"453144000950526d355319f08f880f01cfabc4b3"}
}
