TN:
SF:C:\Users\Ahmed\Desktop\boilerplate\src\app.js
FNF:0
FNH:0
LF:0
LH:0
BRF:0
BRH:0
end_of_record
TN:
SF:C:\Users\Ahmed\Desktop\boilerplate\src\server.js
FN:6,startServer
FN:10,(anonymous_1)
FNF:2
FNH:0
FNDA:0,startServer
FNDA:0,(anonymous_1)
DA:7,0
DA:8,0
DA:9,0
DA:10,0
DA:11,0
DA:12,0
DA:13,0
DA:15,0
DA:19,0
LF:9
LH:0
BRDA:10,0,0,0
BRDA:10,0,1,0
BRDA:11,1,0,0
BRDA:11,1,1,0
BRF:4
BRH:0
end_of_record
TN:
SF:C:\Users\Ahmed\Desktop\boilerplate\src\config\index.js
FNF:0
FNH:0
DA:4,0
LF:1
LH:0
BRF:0
BRH:0
end_of_record
TN:
SF:C:\Users\Ahmed\Desktop\boilerplate\src\loaders\express.js
FN:9,(anonymous_0)
FN:10,(anonymous_1)
FN:11,(anonymous_2)
FN:17,(anonymous_3)
FNF:4
FNH:0
FNDA:0,(anonymous_0)
FNDA:0,(anonymous_1)
FNDA:0,(anonymous_2)
FNDA:0,(anonymous_3)
DA:10,0
DA:11,0
DA:12,0
DA:13,0
DA:14,0
DA:15,0
DA:16,0
DA:17,0
DA:18,0
DA:19,0
DA:20,0
DA:21,0
DA:23,0
DA:24,0
LF:14
LH:0
BRF:0
BRH:0
end_of_record
TN:
SF:C:\Users\Ahmed\Desktop\boilerplate\src\loaders\index.js
FN:7,(anonymous_0)
FNF:1
FNH:0
FNDA:0,(anonymous_0)
DA:7,0
DA:8,0
DA:9,0
DA:10,0
DA:11,0
DA:12,0
DA:13,0
DA:14,0
DA:15,0
DA:16,0
DA:17,0
DA:18,0
DA:19,0
DA:21,0
LF:14
LH:0
BRF:0
BRH:0
end_of_record
TN:
SF:C:\Users\Ahmed\Desktop\boilerplate\src\loaders\logger.js
FN:6,(anonymous_0)
FNF:1
FNH:0
FNDA:0,(anonymous_0)
DA:4,0
DA:6,0
LF:2
LH:0
BRF:0
BRH:0
end_of_record
TN:
SF:C:\Users\Ahmed\Desktop\boilerplate\src\loaders\mongoo.js
FN:6,(anonymous_0)
FNF:1
FNH:0
FNDA:0,(anonymous_0)
DA:4,0
DA:6,0
LF:2
LH:0
BRF:0
BRH:0
end_of_record
TN:
SF:C:\Users\Ahmed\Desktop\boilerplate\src\loaders\mySql.js
FN:6,(anonymous_0)
FNF:1
FNH:0
FNDA:0,(anonymous_0)
DA:4,0
DA:6,0
LF:2
LH:0
BRF:0
BRH:0
end_of_record
TN:
SF:C:\Users\Ahmed\Desktop\boilerplate\src\services\export.js
FN:11,(anonymous_0)
FN:15,(anonymous_1)
FN:18,(anonymous_2)
FN:30,(anonymous_3)
FN:37,(anonymous_4)
FN:57,(anonymous_5)
FN:66,(anonymous_6)
FNF:7
FNH:0
FNDA:0,(anonymous_0)
FNDA:0,(anonymous_1)
FNDA:0,(anonymous_2)
FNDA:0,(anonymous_3)
FNDA:0,(anonymous_4)
FNDA:0,(anonymous_5)
FNDA:0,(anonymous_6)
DA:11,0
DA:12,0
DA:16,0
DA:17,0
DA:18,0
DA:19,0
DA:20,0
DA:21,0
DA:23,0
DA:25,0
DA:30,0
DA:31,0
DA:32,0
DA:38,0
DA:39,0
DA:40,0
DA:41,0
DA:42,0
DA:44,0
DA:57,0
DA:58,0
DA:59,0
DA:60,0
DA:61,0
DA:62,0
DA:63,0
DA:64,0
DA:65,0
DA:66,0
DA:67,0
DA:68,0
DA:71,0
DA:72,0
LF:33
LH:0
BRDA:17,0,0,0
BRDA:17,0,1,0
BRDA:18,1,0,0
BRDA:18,1,1,0
BRDA:19,2,0,0
BRDA:19,2,1,0
BRDA:39,3,0,0
BRDA:39,3,1,0
BRDA:39,4,0,0
BRDA:39,4,1,0
BRDA:67,5,0,0
BRDA:67,5,1,0
BRF:12
BRH:0
end_of_record
TN:
SF:C:\Users\Ahmed\Desktop\boilerplate\src\services\import.js
FN:12,(anonymous_0)
FN:31,(anonymous_1)
FN:37,(anonymous_2)
FN:43,(anonymous_3)
FN:56,(anonymous_4)
FN:59,(anonymous_5)
FN:74,(anonymous_6)
FNF:7
FNH:3
FNDA:1,(anonymous_0)
FNDA:1,(anonymous_1)
FNDA:1,(anonymous_2)
FNDA:0,(anonymous_3)
FNDA:0,(anonymous_4)
FNDA:0,(anonymous_5)
FNDA:0,(anonymous_6)
DA:12,1
DA:13,1
DA:14,1
DA:15,1
DA:16,1
DA:17,1
DA:19,0
DA:31,1
DA:32,1
DA:33,1
DA:34,1
DA:38,1
DA:39,1
DA:40,0
DA:43,0
DA:48,1
DA:50,1
DA:53,1
DA:56,1
DA:57,0
DA:59,1
DA:60,0
DA:61,0
DA:62,0
DA:64,1
DA:74,1
DA:75,0
DA:76,0
DA:78,0
DA:79,0
DA:80,0
DA:82,0
DA:84,0
DA:85,0
LF:34
LH:19
BRDA:39,0,0,0
BRDA:39,0,1,1
BRDA:43,1,0,0
BRDA:43,1,1,0
BRDA:76,2,0,0
BRDA:76,2,1,0
BRDA:78,3,0,0
BRDA:78,3,1,0
BRF:8
BRH:1
end_of_record
TN:
SF:C:\Users\Ahmed\Desktop\boilerplate\src\services\logger.js
FN:9,(anonymous_0)
FN:9,(anonymous_1)
FN:11,(anonymous_2)
FN:17,(anonymous_3)
FNF:4
FNH:4
FNDA:1,(anonymous_0)
FNDA:1,(anonymous_1)
FNDA:1,(anonymous_2)
FNDA:1,(anonymous_3)
DA:9,1
DA:10,1
DA:11,1
DA:12,1
DA:13,1
DA:15,1
DA:16,1
DA:17,1
DA:18,1
DA:20,1
DA:22,0
LF:11
LH:10
BRDA:10,0,0,1
BRDA:10,0,1,0
BRDA:12,1,0,1
BRDA:12,1,1,0
BRF:4
BRH:2
end_of_record
TN:
SF:C:\Users\Ahmed\Desktop\boilerplate\src\services\mySql.js
FN:5,(anonymous_0)
FN:16,(anonymous_1)
FN:17,(anonymous_2)
FN:18,(anonymous_3)
FN:32,(anonymous_4)
FN:33,(anonymous_5)
FN:34,(anonymous_6)
FN:35,(anonymous_7)
FN:49,(anonymous_8)
FN:50,(anonymous_9)
FN:51,(anonymous_10)
FN:65,(anonymous_11)
FN:77,(anonymous_12)
FN:86,(anonymous_13)
FNF:14
FNH:11
FNDA:1,(anonymous_0)
FNDA:1,(anonymous_1)
FNDA:1,(anonymous_2)
FNDA:1,(anonymous_3)
FNDA:1,(anonymous_4)
FNDA:1,(anonymous_5)
FNDA:3,(anonymous_6)
FNDA:1,(anonymous_7)
FNDA:0,(anonymous_8)
FNDA:0,(anonymous_9)
FNDA:0,(anonymous_10)
FNDA:1,(anonymous_11)
FNDA:4,(anonymous_12)
FNDA:1,(anonymous_13)
DA:6,1
DA:7,1
DA:8,1
DA:17,1
DA:18,1
DA:19,1
DA:20,0
DA:22,1
DA:33,1
DA:34,3
DA:35,1
DA:36,1
DA:37,0
DA:39,1
DA:50,0
DA:51,0
DA:52,0
DA:53,0
DA:55,0
DA:66,1
DA:67,1
DA:69,1
DA:78,4
DA:87,1
LF:24
LH:17
BRDA:19,0,0,0
BRDA:19,0,1,1
BRDA:36,1,0,0
BRDA:36,1,1,1
BRDA:52,2,0,0
BRDA:52,2,1,0
BRDA:66,3,0,1
BRDA:66,3,1,0
BRF:8
BRH:3
end_of_record
